<?xml version="1.0" encoding="UTF-8"?>
<robot generator="Robot 6.1.1 (Python 3.12.0 on win32)" generated="20231213 13:28:53.527" rpa="false" schemaversion="4">
<suite id="s1" name="FormProduto" source="c:\Users\Schel\Documents\2023\BACK-PI\NovoRobot\FormProduto.robot">
<test id="s1-t1" name=" Cenário 2: Fazer o login" line="89">
<kw name="fazer login">
<kw name="Open Browser" library="SeleniumLibrary">
<arg>${URL_login}</arg>
<arg>${BROWSER}</arg>
<doc>Opens a new browser instance to the optional ``url``.</doc>
<msg timestamp="20231213 13:28:54.470" level="INFO">Opening browser 'Chrome' to base url 'https://carhub-dh.vercel.app/login'.</msg>
<msg timestamp="20231213 13:28:55.857" level="WARN">The chromedriver version (119.0.6045.105) detected in PATH at C:\Users\Schel\Documents\2023\BACK-PI\NovoRobot\chromedriver.exe might not be compatible with the detected chrome version (120.0.6099.71); currently, chromedriver 120.0.6099.71 is recommended for chrome 120.*, so it is advised to delete the driver in PATH and retry</msg>
<status status="PASS" starttime="20231213 13:28:54.468" endtime="20231213 13:29:00.369"/>
</kw>
<status status="PASS" starttime="20231213 13:28:54.467" endtime="20231213 13:29:00.370"/>
</kw>
<kw name="Maximize Browser Window" library="SeleniumLibrary">
<doc>Maximizes current browser window.</doc>
<status status="PASS" starttime="20231213 13:29:00.377" endtime="20231213 13:29:01.969"/>
</kw>
<kw name="preencher o login">
<kw name="Input Text" library="SeleniumLibrary">
<arg>${input_email}</arg>
<arg>admin@admin.com</arg>
<doc>Types the given ``text`` into the text field identified by ``locator``.</doc>
<msg timestamp="20231213 13:29:01.969" level="INFO">Typing text 'admin@admin.com' into text field 'name:email'.</msg>
<status status="PASS" starttime="20231213 13:29:01.969" endtime="20231213 13:29:02.690"/>
</kw>
<kw name="Sleep" library="BuiltIn">
<arg>1s</arg>
<doc>Pauses the test executed for the given time.</doc>
<msg timestamp="20231213 13:29:03.690" level="INFO">Slept 1 second</msg>
<status status="PASS" starttime="20231213 13:29:02.690" endtime="20231213 13:29:03.690"/>
</kw>
<kw name="Input Text" library="SeleniumLibrary">
<arg>${input_password}</arg>
<arg>123456</arg>
<doc>Types the given ``text`` into the text field identified by ``locator``.</doc>
<msg timestamp="20231213 13:29:03.690" level="INFO">Typing text '123456' into text field 'name:password'.</msg>
<status status="PASS" starttime="20231213 13:29:03.690" endtime="20231213 13:29:03.891"/>
</kw>
<kw name="Sleep" library="BuiltIn">
<arg>2s</arg>
<doc>Pauses the test executed for the given time.</doc>
<msg timestamp="20231213 13:29:05.892" level="INFO">Slept 2 seconds</msg>
<status status="PASS" starttime="20231213 13:29:03.891" endtime="20231213 13:29:05.892"/>
</kw>
<status status="PASS" starttime="20231213 13:29:01.969" endtime="20231213 13:29:05.892"/>
</kw>
<kw name="Sleep" library="BuiltIn">
<arg>2s</arg>
<doc>Pauses the test executed for the given time.</doc>
<msg timestamp="20231213 13:29:07.892" level="INFO">Slept 2 seconds</msg>
<status status="PASS" starttime="20231213 13:29:05.892" endtime="20231213 13:29:07.892"/>
</kw>
<kw name="clicar em Entrar">
<kw name="Click Element" library="SeleniumLibrary">
<arg>${button_submitEnter}</arg>
<doc>Click the element identified by ``locator``.</doc>
<msg timestamp="20231213 13:29:07.892" level="INFO">Clicking element '//button[contains(text(), "Entrar")]'.</msg>
<status status="PASS" starttime="20231213 13:29:07.892" endtime="20231213 13:29:08.015"/>
</kw>
<status status="PASS" starttime="20231213 13:29:07.892" endtime="20231213 13:29:08.015"/>
</kw>
<kw name="Sleep" library="BuiltIn">
<arg>10s</arg>
<doc>Pauses the test executed for the given time.</doc>
<msg timestamp="20231213 13:29:18.015" level="INFO">Slept 10 seconds</msg>
<status status="PASS" starttime="20231213 13:29:08.015" endtime="20231213 13:29:18.015"/>
</kw>
<kw name="clicar no Painel de Admin">
<kw name="Click Element" library="SeleniumLibrary">
<arg>${button_Painel}</arg>
<doc>Click the element identified by ``locator``.</doc>
<msg timestamp="20231213 13:29:18.024" level="INFO">Clicking element '//button[contains(text(), "Painel admin")]'.</msg>
<msg timestamp="20231213 13:29:18.902" level="INFO" html="true">&lt;/td&gt;&lt;/tr&gt;&lt;tr&gt;&lt;td colspan="3"&gt;&lt;a href="selenium-screenshot-26.png"&gt;&lt;img src="selenium-screenshot-26.png" width="800px"&gt;&lt;/a&gt;</msg>
<msg timestamp="20231213 13:29:18.903" level="FAIL">Element with locator '//button[contains(text(), "Painel admin")]' not found.</msg>
<status status="FAIL" starttime="20231213 13:29:18.020" endtime="20231213 13:29:18.938"/>
</kw>
<status status="FAIL" starttime="20231213 13:29:18.018" endtime="20231213 13:29:18.938"/>
</kw>
<kw name="Sleep" library="BuiltIn">
<arg>2s</arg>
<doc>Pauses the test executed for the given time.</doc>
<status status="NOT RUN" starttime="20231213 13:29:18.939" endtime="20231213 13:29:18.941"/>
</kw>
<kw name="criar um novo produto">
<status status="NOT RUN" starttime="20231213 13:29:18.943" endtime="20231213 13:29:18.943"/>
</kw>
<kw name="Sleep" library="BuiltIn">
<arg>5s</arg>
<doc>Pauses the test executed for the given time.</doc>
<status status="NOT RUN" starttime="20231213 13:29:18.945" endtime="20231213 13:29:18.949"/>
</kw>
<status status="FAIL" starttime="20231213 13:28:54.465" endtime="20231213 13:29:18.949">Element with locator '//button[contains(text(), "Painel admin")]' not found.</status>
</test>
<doc>Caso de teste no Forms do Produto- ADMIN</doc>
<status status="FAIL" starttime="20231213 13:28:53.540" endtime="20231213 13:29:18.955"/>
</suite>
<statistics>
<total>
<stat pass="0" fail="1" skip="0">All Tests</stat>
</total>
<tag>
</tag>
<suite>
<stat pass="0" fail="1" skip="0" id="s1" name="FormProduto">FormProduto</stat>
</suite>
</statistics>
<errors>
<msg timestamp="20231213 13:28:55.857" level="WARN">The chromedriver version (119.0.6045.105) detected in PATH at C:\Users\Schel\Documents\2023\BACK-PI\NovoRobot\chromedriver.exe might not be compatible with the detected chrome version (120.0.6099.71); currently, chromedriver 120.0.6099.71 is recommended for chrome 120.*, so it is advised to delete the driver in PATH and retry</msg>
</errors>
</robot>
